-------------------------------------------------------------------------------
Test set: modal.ScoreTest
-------------------------------------------------------------------------------
Tests run: 1, Failures: 0, Errors: 1, Skipped: 0, Time elapsed: 0.32 sec <<< FAILURE!
modal.ScoreTest  Time elapsed: 0.32 sec  <<< ERROR!
org.hibernate.service.UnknownServiceException: Unknown service requested [org.hibernate.engine.jdbc.connections.spi.ConnectionProvider]
	at org.hibernate.service.internal.AbstractServiceRegistryImpl.getService(AbstractServiceRegistryImpl.java:206)
	at org.hibernate.service.internal.SessionFactoryServiceRegistryImpl.getService(SessionFactoryServiceRegistryImpl.java:80)
	at org.hibernate.internal.AbstractSharedSessionContract.getJdbcConnectionAccess(AbstractSharedSessionContract.java:451)
	at org.hibernate.engine.jdbc.internal.JdbcCoordinatorImpl.<init>(JdbcCoordinatorImpl.java:107)
	at org.hibernate.internal.AbstractSharedSessionContract.<init>(AbstractSharedSessionContract.java:200)
	at org.hibernate.internal.AbstractSessionImpl.<init>(AbstractSessionImpl.java:29)
	at org.hibernate.internal.SessionImpl.<init>(SessionImpl.java:252)
	at org.hibernate.internal.SessionFactoryImpl$SessionBuilderImpl.openSession(SessionFactoryImpl.java:1218)
	at org.hibernate.internal.SessionFactoryImpl.openSession(SessionFactoryImpl.java:450)
	at hibernate_PacMan.DataBaseConnection.OpenConnectionToDataBase(DataBaseConnection.java:67)
	at hibernate_PacMan.DataBaseConnection.getAllMapsFromDataBase(DataBaseConnection.java:125)
	at modal.ScoreTest.start(ScoreTest.java:32)
	at sun.reflect.NativeMethodAccessorImpl.invoke0(Native Method)
	at sun.reflect.NativeMethodAccessorImpl.invoke(NativeMethodAccessorImpl.java:62)
	at sun.reflect.DelegatingMethodAccessorImpl.invoke(DelegatingMethodAccessorImpl.java:43)
	at java.lang.reflect.Method.invoke(Method.java:498)
	at org.junit.runners.model.FrameworkMethod$1.runReflectiveCall(FrameworkMethod.java:50)
	at org.junit.internal.runners.model.ReflectiveCallable.run(ReflectiveCallable.java:12)
	at org.junit.runners.model.FrameworkMethod.invokeExplosively(FrameworkMethod.java:47)
	at org.junit.internal.runners.statements.RunBefores.evaluate(RunBefores.java:24)
	at org.junit.runners.ParentRunner.run(ParentRunner.java:363)
	at org.apache.maven.surefire.junit4.JUnit4Provider.execute(JUnit4Provider.java:252)
	at org.apache.maven.surefire.junit4.JUnit4Provider.executeTestSet(JUnit4Provider.java:141)
	at org.apache.maven.surefire.junit4.JUnit4Provider.invoke(JUnit4Provider.java:112)
	at sun.reflect.NativeMethodAccessorImpl.invoke0(Native Method)
	at sun.reflect.NativeMethodAccessorImpl.invoke(NativeMethodAccessorImpl.java:62)
	at sun.reflect.DelegatingMethodAccessorImpl.invoke(DelegatingMethodAccessorImpl.java:43)
	at java.lang.reflect.Method.invoke(Method.java:498)
	at org.apache.maven.surefire.util.ReflectionUtils.invokeMethodWithArray(ReflectionUtils.java:189)
	at org.apache.maven.surefire.booter.ProviderFactory$ProviderProxy.invoke(ProviderFactory.java:165)
	at org.apache.maven.surefire.booter.ProviderFactory.invokeProvider(ProviderFactory.java:85)
	at org.apache.maven.surefire.booter.ForkedBooter.runSuitesInProcess(ForkedBooter.java:115)
	at org.apache.maven.surefire.booter.ForkedBooter.main(ForkedBooter.java:75)

