<?xml version="1.0" encoding="UTF-8" ?>
<testsuite tests="5" failures="0" name="modal.GhostTest" time="0.078" errors="0" skipped="0">
  <properties>
[...]
</properties>
  <testcase classname="modal.GhostTest" name="testGhostImpossibleMovement" time="0.031"/>
  <testcase classname="modal.GhostTest" name="testGhostMovementLong" time="0.016"/>
  <testcase classname="modal.GhostTest" name="testGhostMovement" time="0.015"/>
  <testcase classname="modal.GhostTest" name="testPathSizeLong" time="0.016"/>
  <testcase classname="modal.GhostTest" name="testPathSize" time="0"/>
</testsuite>