<?xml version="1.0" encoding="UTF-8" ?>
<testsuite errors="0" failures="0" hostname="LAPTOP-BNRK150D" name="modal.ScoreTest" skipped="0" tests="2" time="0.182" timestamp="2017-09-26T13:57:01">
  <properties>
[...]
</properties>
  <testcase classname="modal.ScoreTest" name="testDot" time="0.095" />
  <testcase classname="modal.ScoreTest" name="testLargeDot" time="0.009" />
  <system-out><![CDATA[before test
{java.awt.Point[x=0,y=0]=Empty, java.awt.Point[x=120,y=360]=Empty, java.awt.Point[x=0,y=320]=Empty, java.awt.Point[x=80,y=360]=Empty, java.awt.Point[x=0,y=160]=Empty, java.awt.Point[x=40,y=360]=Empty, java.awt.Point[x=400,y=360]=Empty, java.awt.Point[x=440,y=360]=Empty, java.awt.Point[x=680,y=400]=Empty, java.awt.Point[x=640,y=400]=Empty, java.awt.Point[x=600,y=400]=Empty, java.awt.Point[x=560,y=400]=Empty, java.awt.Point[x=480,y=360]=Empty, java.awt.Point[x=520,y=400]=Empty, java.awt.Point[x=280,y=360]=Empty, java.awt.Point[x=0,y=80]=Empty, java.awt.Point[x=320,y=360]=Empty, java.awt.Point[x=360,y=360]=Empty, java.awt.Point[x=200,y=360]=Empty, java.awt.Point[x=680,y=200]=Empty, java.awt.Point[x=640,y=200]=Empty, java.awt.Point[x=600,y=200]=Empty, java.awt.Point[x=560,y=200]=Empty, java.awt.Point[x=240,y=360]=Empty, java.awt.Point[x=520,y=200]=Empty, java.awt.Point[x=0,y=40]=Empty, java.awt.Point[x=160,y=360]=Empty, java.awt.Point[x=120,y=160]=PlayerSpawn, java.awt.Point[x=240,y=80]=Empty, java.awt.Point[x=480,y=40]=Empty, java.awt.Point[x=40,y=0]=Empty, java.awt.Point[x=200,y=80]=Empty, java.awt.Point[x=400,y=40]=Empty, java.awt.Point[x=440,y=40]=Empty, java.awt.Point[x=40,y=320]=Empty, java.awt.Point[x=80,y=160]=Wall, java.awt.Point[x=160,y=80]=Empty, java.awt.Point[x=320,y=40]=Empty, java.awt.Point[x=360,y=40]=Empty, java.awt.Point[x=280,y=40]=Empty, java.awt.Point[x=120,y=320]=Empty, java.awt.Point[x=240,y=40]=Empty, java.awt.Point[x=480,y=80]=Empty, java.awt.Point[x=80,y=0]=Empty, java.awt.Point[x=200,y=40]=Empty, java.awt.Point[x=400,y=80]=Empty, java.awt.Point[x=440,y=80]=Empty, java.awt.Point[x=40,y=160]=Empty, java.awt.Point[x=80,y=320]=Empty, java.awt.Point[x=160,y=40]=Empty, java.awt.Point[x=320,y=80]=Empty, java.awt.Point[x=0,y=360]=Empty, java.awt.Point[x=360,y=80]=Empty, java.awt.Point[x=280,y=80]=Empty, java.awt.Point[x=120,y=0]=Empty, java.awt.Point[x=120,y=40]=Empty, java.awt.Point[x=240,y=320]=Empty, java.awt.Point[x=480,y=160]=Empty, java.awt.Point[x=160,y=0]=Empty, java.awt.Point[x=200,y=320]=Empty, java.awt.Point[x=400,y=160]=Empty, java.awt.Point[x=440,y=160]=Empty, java.awt.Point[x=40,y=80]=Empty, java.awt.Point[x=80,y=40]=Empty, java.awt.Point[x=160,y=320]=Empty, java.awt.Point[x=320,y=160]=Empty, java.awt.Point[x=200,y=0]=Empty, java.awt.Point[x=360,y=160]=Empty, java.awt.Point[x=280,y=160]=Wall, java.awt.Point[x=240,y=0]=Empty, java.awt.Point[x=640,y=440]=Empty, java.awt.Point[x=280,y=0]=Empty, java.awt.Point[x=680,y=440]=Empty, java.awt.Point[x=120,y=80]=Empty, java.awt.Point[x=240,y=160]=LargeDot, java.awt.Point[x=480,y=320]=Empty, java.awt.Point[x=320,y=0]=Empty, java.awt.Point[x=520,y=440]=Empty, java.awt.Point[x=200,y=160]=LargeDot, java.awt.Point[x=400,y=320]=Empty, java.awt.Point[x=560,y=440]=Empty, java.awt.Point[x=360,y=0]=Empty, java.awt.Point[x=600,y=440]=Empty, java.awt.Point[x=440,y=320]=Empty, java.awt.Point[x=40,y=40]=Empty, java.awt.Point[x=80,y=80]=Empty, java.awt.Point[x=160,y=160]=Dot, java.awt.Point[x=320,y=320]=Empty, java.awt.Point[x=400,y=0]=Empty, java.awt.Point[x=360,y=320]=Empty, java.awt.Point[x=440,y=0]=Empty, java.awt.Point[x=280,y=320]=Empty, java.awt.Point[x=480,y=0]=Empty, java.awt.Point[x=320,y=440]=Empty, java.awt.Point[x=520,y=0]=Empty, java.awt.Point[x=560,y=0]=Empty, java.awt.Point[x=360,y=440]=Empty, java.awt.Point[x=600,y=0]=Empty, java.awt.Point[x=640,y=0]=Empty, java.awt.Point[x=280,y=440]=Empty, java.awt.Point[x=680,y=0]=Empty, java.awt.Point[x=640,y=320]=Empty, java.awt.Point[x=680,y=320]=Empty, java.awt.Point[x=480,y=440]=Empty, java.awt.Point[x=520,y=320]=Empty, java.awt.Point[x=400,y=440]=Empty, java.awt.Point[x=560,y=320]=Empty, java.awt.Point[x=600,y=320]=Empty, java.awt.Point[x=440,y=440]=Empty, java.awt.Point[x=160,y=440]=Empty, java.awt.Point[x=640,y=160]=Empty, java.awt.Point[x=680,y=160]=Empty, java.awt.Point[x=240,y=440]=Empty, java.awt.Point[x=520,y=160]=Empty, java.awt.Point[x=200,y=440]=Empty, java.awt.Point[x=560,y=160]=Empty, java.awt.Point[x=600,y=160]=Empty, java.awt.Point[x=80,y=440]=Empty, java.awt.Point[x=0,y=400]=Empty, java.awt.Point[x=640,y=80]=Empty, java.awt.Point[x=680,y=80]=Empty, java.awt.Point[x=120,y=440]=Empty, java.awt.Point[x=520,y=80]=Empty, java.awt.Point[x=560,y=80]=Empty, java.awt.Point[x=600,y=80]=Empty, java.awt.Point[x=40,y=440]=Empty, java.awt.Point[x=0,y=200]=Empty, java.awt.Point[x=640,y=40]=Empty, java.awt.Point[x=680,y=40]=Empty, java.awt.Point[x=520,y=40]=Empty, java.awt.Point[x=560,y=40]=Empty, java.awt.Point[x=600,y=40]=Empty, java.awt.Point[x=360,y=200]=Empty, java.awt.Point[x=160,y=400]=Empty, java.awt.Point[x=320,y=200]=Empty, java.awt.Point[x=280,y=200]=Wall, java.awt.Point[x=240,y=400]=Empty, java.awt.Point[x=480,y=200]=Empty, java.awt.Point[x=440,y=200]=Empty, java.awt.Point[x=200,y=400]=Empty, java.awt.Point[x=400,y=200]=Empty, java.awt.Point[x=360,y=400]=Empty, java.awt.Point[x=160,y=200]=Wall, java.awt.Point[x=320,y=400]=Empty, java.awt.Point[x=280,y=400]=Empty, java.awt.Point[x=560,y=360]=Empty, java.awt.Point[x=240,y=200]=Wall, java.awt.Point[x=480,y=400]=Empty, java.awt.Point[x=520,y=360]=Empty, java.awt.Point[x=600,y=360]=Empty, java.awt.Point[x=440,y=400]=Empty, java.awt.Point[x=680,y=360]=Empty, java.awt.Point[x=640,y=360]=Empty, java.awt.Point[x=200,y=200]=Wall, java.awt.Point[x=400,y=400]=Empty, java.awt.Point[x=40,y=400]=Empty, java.awt.Point[x=80,y=200]=Wall, java.awt.Point[x=120,y=200]=Wall, java.awt.Point[x=40,y=200]=Empty, java.awt.Point[x=80,y=400]=Empty, java.awt.Point[x=0,y=440]=Empty, java.awt.Point[x=120,y=400]=Empty, java.awt.Point[x=80,y=240]=Empty, java.awt.Point[x=160,y=120]=Wall, java.awt.Point[x=200,y=120]=Wall, java.awt.Point[x=120,y=240]=Empty, java.awt.Point[x=240,y=120]=Wall, java.awt.Point[x=280,y=120]=Wall, java.awt.Point[x=360,y=120]=Empty, java.awt.Point[x=40,y=240]=Empty, java.awt.Point[x=320,y=120]=Empty, java.awt.Point[x=440,y=120]=Empty, java.awt.Point[x=400,y=120]=Empty, java.awt.Point[x=480,y=120]=Empty, java.awt.Point[x=280,y=240]=Empty, java.awt.Point[x=360,y=240]=Empty, java.awt.Point[x=40,y=120]=Empty, java.awt.Point[x=320,y=240]=Empty, java.awt.Point[x=440,y=240]=Empty, java.awt.Point[x=400,y=240]=Empty, java.awt.Point[x=480,y=240]=Empty, java.awt.Point[x=80,y=120]=Wall, java.awt.Point[x=160,y=240]=Empty, java.awt.Point[x=640,y=280]=Empty, java.awt.Point[x=200,y=240]=Empty, java.awt.Point[x=680,y=280]=Empty, java.awt.Point[x=120,y=120]=Wall, java.awt.Point[x=240,y=240]=Empty, java.awt.Point[x=600,y=280]=Empty, java.awt.Point[x=520,y=280]=Empty, java.awt.Point[x=560,y=280]=Empty, java.awt.Point[x=0,y=240]=Empty, java.awt.Point[x=0,y=120]=Empty, java.awt.Point[x=0,y=280]=Empty, java.awt.Point[x=480,y=280]=Empty, java.awt.Point[x=440,y=280]=Empty, java.awt.Point[x=400,y=280]=Empty, java.awt.Point[x=360,y=280]=Empty, java.awt.Point[x=320,y=280]=Empty, java.awt.Point[x=280,y=280]=Empty, java.awt.Point[x=240,y=280]=Empty, java.awt.Point[x=600,y=240]=Empty, java.awt.Point[x=520,y=240]=Empty, java.awt.Point[x=560,y=240]=Empty, java.awt.Point[x=640,y=240]=Empty, java.awt.Point[x=200,y=280]=Empty, java.awt.Point[x=680,y=240]=Empty, java.awt.Point[x=160,y=280]=Empty, java.awt.Point[x=120,y=280]=Empty, java.awt.Point[x=600,y=120]=Empty, java.awt.Point[x=520,y=120]=Empty, java.awt.Point[x=560,y=120]=GhostHouse, java.awt.Point[x=640,y=120]=Empty, java.awt.Point[x=680,y=120]=Empty, java.awt.Point[x=80,y=280]=Empty, java.awt.Point[x=40,y=280]=Empty}
player postition: java.awt.Point[x=160,y=160]
10
{java.awt.Point[x=0,y=0]=Empty, java.awt.Point[x=120,y=360]=Empty, java.awt.Point[x=0,y=320]=Empty, java.awt.Point[x=80,y=360]=Empty, java.awt.Point[x=0,y=160]=Empty, java.awt.Point[x=40,y=360]=Empty, java.awt.Point[x=400,y=360]=Empty, java.awt.Point[x=440,y=360]=Empty, java.awt.Point[x=680,y=400]=Empty, java.awt.Point[x=640,y=400]=Empty, java.awt.Point[x=600,y=400]=Empty, java.awt.Point[x=560,y=400]=Empty, java.awt.Point[x=480,y=360]=Empty, java.awt.Point[x=520,y=400]=Empty, java.awt.Point[x=280,y=360]=Empty, java.awt.Point[x=0,y=80]=Empty, java.awt.Point[x=320,y=360]=Empty, java.awt.Point[x=360,y=360]=Empty, java.awt.Point[x=200,y=360]=Empty, java.awt.Point[x=680,y=200]=Empty, java.awt.Point[x=640,y=200]=Empty, java.awt.Point[x=600,y=200]=Empty, java.awt.Point[x=560,y=200]=Empty, java.awt.Point[x=240,y=360]=Empty, java.awt.Point[x=520,y=200]=Empty, java.awt.Point[x=0,y=40]=Empty, java.awt.Point[x=160,y=360]=Empty, java.awt.Point[x=120,y=160]=PlayerSpawn, java.awt.Point[x=240,y=80]=Empty, java.awt.Point[x=480,y=40]=Empty, java.awt.Point[x=40,y=0]=Empty, java.awt.Point[x=200,y=80]=Empty, java.awt.Point[x=400,y=40]=Empty, java.awt.Point[x=440,y=40]=Empty, java.awt.Point[x=40,y=320]=Empty, java.awt.Point[x=80,y=160]=Wall, java.awt.Point[x=160,y=80]=Empty, java.awt.Point[x=320,y=40]=Empty, java.awt.Point[x=360,y=40]=Empty, java.awt.Point[x=280,y=40]=Empty, java.awt.Point[x=120,y=320]=Empty, java.awt.Point[x=240,y=40]=Empty, java.awt.Point[x=480,y=80]=Empty, java.awt.Point[x=80,y=0]=Empty, java.awt.Point[x=200,y=40]=Empty, java.awt.Point[x=400,y=80]=Empty, java.awt.Point[x=440,y=80]=Empty, java.awt.Point[x=40,y=160]=Empty, java.awt.Point[x=80,y=320]=Empty, java.awt.Point[x=160,y=40]=Empty, java.awt.Point[x=320,y=80]=Empty, java.awt.Point[x=0,y=360]=Empty, java.awt.Point[x=360,y=80]=Empty, java.awt.Point[x=280,y=80]=Empty, java.awt.Point[x=120,y=0]=Empty, java.awt.Point[x=120,y=40]=Empty, java.awt.Point[x=240,y=320]=Empty, java.awt.Point[x=480,y=160]=Empty, java.awt.Point[x=160,y=0]=Empty, java.awt.Point[x=200,y=320]=Empty, java.awt.Point[x=400,y=160]=Empty, java.awt.Point[x=440,y=160]=Empty, java.awt.Point[x=40,y=80]=Empty, java.awt.Point[x=80,y=40]=Empty, java.awt.Point[x=160,y=320]=Empty, java.awt.Point[x=320,y=160]=Empty, java.awt.Point[x=200,y=0]=Empty, java.awt.Point[x=360,y=160]=Empty, java.awt.Point[x=280,y=160]=Wall, java.awt.Point[x=240,y=0]=Empty, java.awt.Point[x=640,y=440]=Empty, java.awt.Point[x=280,y=0]=Empty, java.awt.Point[x=680,y=440]=Empty, java.awt.Point[x=120,y=80]=Empty, java.awt.Point[x=240,y=160]=LargeDot, java.awt.Point[x=480,y=320]=Empty, java.awt.Point[x=320,y=0]=Empty, java.awt.Point[x=520,y=440]=Empty, java.awt.Point[x=200,y=160]=LargeDot, java.awt.Point[x=400,y=320]=Empty, java.awt.Point[x=560,y=440]=Empty, java.awt.Point[x=360,y=0]=Empty, java.awt.Point[x=600,y=440]=Empty, java.awt.Point[x=440,y=320]=Empty, java.awt.Point[x=40,y=40]=Empty, java.awt.Point[x=80,y=80]=Empty, java.awt.Point[x=160,y=160]=Dot, java.awt.Point[x=320,y=320]=Empty, java.awt.Point[x=400,y=0]=Empty, java.awt.Point[x=360,y=320]=Empty, java.awt.Point[x=440,y=0]=Empty, java.awt.Point[x=280,y=320]=Empty, java.awt.Point[x=480,y=0]=Empty, java.awt.Point[x=320,y=440]=Empty, java.awt.Point[x=520,y=0]=Empty, java.awt.Point[x=560,y=0]=Empty, java.awt.Point[x=360,y=440]=Empty, java.awt.Point[x=600,y=0]=Empty, java.awt.Point[x=640,y=0]=Empty, java.awt.Point[x=280,y=440]=Empty, java.awt.Point[x=680,y=0]=Empty, java.awt.Point[x=640,y=320]=Empty, java.awt.Point[x=680,y=320]=Empty, java.awt.Point[x=480,y=440]=Empty, java.awt.Point[x=520,y=320]=Empty, java.awt.Point[x=400,y=440]=Empty, java.awt.Point[x=560,y=320]=Empty, java.awt.Point[x=600,y=320]=Empty, java.awt.Point[x=440,y=440]=Empty, java.awt.Point[x=160,y=440]=Empty, java.awt.Point[x=640,y=160]=Empty, java.awt.Point[x=680,y=160]=Empty, java.awt.Point[x=240,y=440]=Empty, java.awt.Point[x=520,y=160]=Empty, java.awt.Point[x=200,y=440]=Empty, java.awt.Point[x=560,y=160]=Empty, java.awt.Point[x=600,y=160]=Empty, java.awt.Point[x=80,y=440]=Empty, java.awt.Point[x=0,y=400]=Empty, java.awt.Point[x=640,y=80]=Empty, java.awt.Point[x=680,y=80]=Empty, java.awt.Point[x=120,y=440]=Empty, java.awt.Point[x=520,y=80]=Empty, java.awt.Point[x=560,y=80]=Empty, java.awt.Point[x=600,y=80]=Empty, java.awt.Point[x=40,y=440]=Empty, java.awt.Point[x=0,y=200]=Empty, java.awt.Point[x=640,y=40]=Empty, java.awt.Point[x=680,y=40]=Empty, java.awt.Point[x=520,y=40]=Empty, java.awt.Point[x=560,y=40]=Empty, java.awt.Point[x=600,y=40]=Empty, java.awt.Point[x=360,y=200]=Empty, java.awt.Point[x=160,y=400]=Empty, java.awt.Point[x=320,y=200]=Empty, java.awt.Point[x=280,y=200]=Wall, java.awt.Point[x=240,y=400]=Empty, java.awt.Point[x=480,y=200]=Empty, java.awt.Point[x=440,y=200]=Empty, java.awt.Point[x=200,y=400]=Empty, java.awt.Point[x=400,y=200]=Empty, java.awt.Point[x=360,y=400]=Empty, java.awt.Point[x=160,y=200]=Wall, java.awt.Point[x=320,y=400]=Empty, java.awt.Point[x=280,y=400]=Empty, java.awt.Point[x=560,y=360]=Empty, java.awt.Point[x=240,y=200]=Wall, java.awt.Point[x=480,y=400]=Empty, java.awt.Point[x=520,y=360]=Empty, java.awt.Point[x=600,y=360]=Empty, java.awt.Point[x=440,y=400]=Empty, java.awt.Point[x=680,y=360]=Empty, java.awt.Point[x=640,y=360]=Empty, java.awt.Point[x=200,y=200]=Wall, java.awt.Point[x=400,y=400]=Empty, java.awt.Point[x=40,y=400]=Empty, java.awt.Point[x=80,y=200]=Wall, java.awt.Point[x=120,y=200]=Wall, java.awt.Point[x=40,y=200]=Empty, java.awt.Point[x=80,y=400]=Empty, java.awt.Point[x=0,y=440]=Empty, java.awt.Point[x=120,y=400]=Empty, java.awt.Point[x=80,y=240]=Empty, java.awt.Point[x=160,y=120]=Wall, java.awt.Point[x=200,y=120]=Wall, java.awt.Point[x=120,y=240]=Empty, java.awt.Point[x=240,y=120]=Wall, java.awt.Point[x=280,y=120]=Wall, java.awt.Point[x=360,y=120]=Empty, java.awt.Point[x=40,y=240]=Empty, java.awt.Point[x=320,y=120]=Empty, java.awt.Point[x=440,y=120]=Empty, java.awt.Point[x=400,y=120]=Empty, java.awt.Point[x=480,y=120]=Empty, java.awt.Point[x=280,y=240]=Empty, java.awt.Point[x=360,y=240]=Empty, java.awt.Point[x=40,y=120]=Empty, java.awt.Point[x=320,y=240]=Empty, java.awt.Point[x=440,y=240]=Empty, java.awt.Point[x=400,y=240]=Empty, java.awt.Point[x=480,y=240]=Empty, java.awt.Point[x=80,y=120]=Wall, java.awt.Point[x=160,y=240]=Empty, java.awt.Point[x=640,y=280]=Empty, java.awt.Point[x=200,y=240]=Empty, java.awt.Point[x=680,y=280]=Empty, java.awt.Point[x=120,y=120]=Wall, java.awt.Point[x=240,y=240]=Empty, java.awt.Point[x=600,y=280]=Empty, java.awt.Point[x=520,y=280]=Empty, java.awt.Point[x=560,y=280]=Empty, java.awt.Point[x=0,y=240]=Empty, java.awt.Point[x=0,y=120]=Empty, java.awt.Point[x=0,y=280]=Empty, java.awt.Point[x=480,y=280]=Empty, java.awt.Point[x=440,y=280]=Empty, java.awt.Point[x=400,y=280]=Empty, java.awt.Point[x=360,y=280]=Empty, java.awt.Point[x=320,y=280]=Empty, java.awt.Point[x=280,y=280]=Empty, java.awt.Point[x=240,y=280]=Empty, java.awt.Point[x=600,y=240]=Empty, java.awt.Point[x=520,y=240]=Empty, java.awt.Point[x=560,y=240]=Empty, java.awt.Point[x=640,y=240]=Empty, java.awt.Point[x=200,y=280]=Empty, java.awt.Point[x=680,y=240]=Empty, java.awt.Point[x=160,y=280]=Empty, java.awt.Point[x=120,y=280]=Empty, java.awt.Point[x=600,y=120]=Empty, java.awt.Point[x=520,y=120]=Empty, java.awt.Point[x=560,y=120]=GhostHouse, java.awt.Point[x=640,y=120]=Empty, java.awt.Point[x=680,y=120]=Empty, java.awt.Point[x=80,y=280]=Empty, java.awt.Point[x=40,y=280]=Empty}
player postition: java.awt.Point[x=160,y=160]
player postition: java.awt.Point[x=200,y=160]
player postition: java.awt.Point[x=240,y=160]
]]></system-out>
  <system-err><![CDATA[]]></system-err>
</testsuite>
